{"uid":"cf1cf54b91b9a623","name":"test_dashboard_totalUser","fullName":"TestDashboard.TestDashboard#test_dashboard_totalUser","historyId":"4b8574c3a8f7794b3f9434bc97fa2e2d","time":{"start":1681827792591,"stop":1681827803544,"duration":10953},"status":"failed","statusMessage":"AssertionError: '' != '32'\n+ 32 : Verification of total user tile failed.","statusTrace":"self = <TestsCases.TestDashboard.TestDashboard testMethod=test_dashboard_totalUser>\n\n    @allure.story(\"Checking Total User Tiles\")\n    @allure.severity(allure.severity_level.NORMAL)\n    # @data((\"frugal@latido.com.np\", \"Test@123\"))\n    def test_dashboard_totalUser(self):\n        self.LoginMethod.nativelogin(self.driver, \"frugal@latido.com.np\", \"Test@123\")\n        try:\n            self.assertEqual(self.Dashboard.verify_total_user(), \"32\", msg=\"Verification of total user tile failed.\")\n    \n        # Checking if assertion failed\n        except AssertionError as e:\n            allure.attach(self.driver.get_screenshot_as_png(), name=\"TestDashboardScreen\",\n                          attachment_type=AttachmentType.PNG)\n            self.log.error(f\"Assertion failed here while finding element. {str(e)}\")\n>           raise e\n\nTestDashboard.py:43: \n_ _ _ _ _ _ _ _ _ _ _ _ _ _ _ _ _ _ _ _ _ _ _ _ _ _ _ _ _ _ _ _ _ _ _ _ _ _ _ _\nTestDashboard.py:36: in test_dashboard_totalUser\n    self.assertEqual(self.Dashboard.verify_total_user(), \"32\", msg=\"Verification of total user tile failed.\")\nC:\\Program Files\\JetBrains\\PyCharm Community Edition 2022.3.3\\plugins\\python-ce\\helpers\\pycharm\\teamcity\\diff_tools.py:33: in _patched_equals\n    old(self, first, second, msg)\nE   AssertionError: '' != '32'\nE   + 32 : Verification of total user tile failed.","flaky":false,"newFailed":false,"newBroken":false,"newPassed":false,"retriesCount":0,"retriesStatusChange":false,"beforeStages":[{"name":"_unittest_setUpClass_fixture_TestDashboard","time":{"start":1681827694231,"stop":1681827694231,"duration":0},"status":"passed","steps":[],"attachments":[],"parameters":[],"stepsCount":0,"hasContent":false,"attachmentsCount":0,"shouldDisplayMessage":false}],"testStage":{"status":"failed","statusMessage":"AssertionError: '' != '32'\n+ 32 : Verification of total user tile failed.","statusTrace":"self = <TestsCases.TestDashboard.TestDashboard testMethod=test_dashboard_totalUser>\n\n    @allure.story(\"Checking Total User Tiles\")\n    @allure.severity(allure.severity_level.NORMAL)\n    # @data((\"frugal@latido.com.np\", \"Test@123\"))\n    def test_dashboard_totalUser(self):\n        self.LoginMethod.nativelogin(self.driver, \"frugal@latido.com.np\", \"Test@123\")\n        try:\n            self.assertEqual(self.Dashboard.verify_total_user(), \"32\", msg=\"Verification of total user tile failed.\")\n    \n        # Checking if assertion failed\n        except AssertionError as e:\n            allure.attach(self.driver.get_screenshot_as_png(), name=\"TestDashboardScreen\",\n                          attachment_type=AttachmentType.PNG)\n            self.log.error(f\"Assertion failed here while finding element. {str(e)}\")\n>           raise e\n\nTestDashboard.py:43: \n_ _ _ _ _ _ _ _ _ _ _ _ _ _ _ _ _ _ _ _ _ _ _ _ _ _ _ _ _ _ _ _ _ _ _ _ _ _ _ _\nTestDashboard.py:36: in test_dashboard_totalUser\n    self.assertEqual(self.Dashboard.verify_total_user(), \"32\", msg=\"Verification of total user tile failed.\")\nC:\\Program Files\\JetBrains\\PyCharm Community Edition 2022.3.3\\plugins\\python-ce\\helpers\\pycharm\\teamcity\\diff_tools.py:33: in _patched_equals\n    old(self, first, second, msg)\nE   AssertionError: '' != '32'\nE   + 32 : Verification of total user tile failed.","steps":[],"attachments":[{"uid":"e234791b96bb1a5d","name":"TestDashboardScreen","source":"e234791b96bb1a5d.png","type":"image/png","size":132803},{"uid":"74bc754d076959f8","name":"log","source":"74bc754d076959f8.txt","type":"text/plain","size":145}],"parameters":[],"stepsCount":0,"hasContent":true,"attachmentsCount":2,"shouldDisplayMessage":true},"afterStages":[{"name":"_unittest_setUpClass_fixture_TestDashboard::0","time":{"start":1681827803563,"stop":1681827803563,"duration":0},"status":"passed","steps":[],"attachments":[],"parameters":[],"stepsCount":0,"hasContent":false,"attachmentsCount":0,"shouldDisplayMessage":false}],"labels":[{"name":"story","value":"Checking Total User Tiles"},{"name":"severity","value":"normal"},{"name":"feature","value":"Dashboard"},{"name":"suite","value":"TestDashboard"},{"name":"subSuite","value":"TestDashboard"},{"name":"host","value":"0day"},{"name":"thread","value":"16856-MainThread"},{"name":"framework","value":"pytest"},{"name":"language","value":"cpython3"},{"name":"package","value":"TestDashboard"},{"name":"resultFormat","value":"allure2"}],"parameters":[],"links":[],"hidden":false,"retry":false,"extra":{"severity":"normal","retries":[],"categories":[{"name":"Product defects","matchedStatuses":[],"flaky":false}],"tags":[]},"source":"cf1cf54b91b9a623.json","parameterValues":[]}